<?xml version="1.0" encoding="UTF-8"?>
<!-- Generated by org.testng.reporters.JUnitReportReporter -->
<testsuite hostname="LAPTOP-IBVEUFH3" failures="0" tests="1" name="qafactory.swaglabs.testCases.Testing" time="0.016" errors="0" timestamp="10 Dec 2022 07:33:26 GMT">
  <testcase classname="qafactory.swaglabs.testCases.Testing" name="testing" time="0.016"/>
</testsuite> <!-- qafactory.swaglabs.testCases.Testing -->
