<?xml version="1.0" encoding="UTF-8"?>
<!-- Generated by org.testng.reporters.JUnitReportReporter -->
<testsuite hostname="LAPTOP-IBVEUFH3" failures="0" tests="2" name="qafactory.swaglabs.testCases.PositiveTestCases" time="18.255" errors="0" timestamp="25 Jul 2024 14:29:15 GMT">
  <testcase classname="qafactory.swaglabs.testCases.PositiveTestCases" name="TC01_Validate_Login" time="17.050"/>
  <testcase classname="qafactory.swaglabs.testCases.PositiveTestCases" name="TC02_Validate_Logout" time="1.205"/>
</testsuite> <!-- qafactory.swaglabs.testCases.PositiveTestCases -->
