<?xml version="1.0" encoding="UTF-8"?>
<!-- Generated by org.testng.reporters.JUnitReportReporter -->
<testsuite hostname="LAPTOP-IBVEUFH3" failures="0" tests="1" name="qafactory.swaglabs.testCases.TC001_Login_Functionality" time="2.908" errors="0" timestamp="17 Dec 2022 16:34:51 GMT">
  <testcase classname="qafactory.swaglabs.testCases.TC001_Login_Functionality" name="ValidLogin" time="2.908"/>
</testsuite> <!-- qafactory.swaglabs.testCases.TC001_Login_Functionality -->
