<?xml version="1.0" encoding="UTF-8"?>
<!-- Generated by org.testng.reporters.JUnitReportReporter -->
<testsuite hostname="LAPTOP-IBVEUFH3" failures="0" tests="2" name="qafactory.swaglabs.testCases.PositiveTestCases" time="17.146" errors="0" timestamp="28 Jul 2024 16:47:43 GMT">
  <testcase classname="qafactory.swaglabs.testCases.PositiveTestCases" name="TC02_Validate_Logout" time="2.226"/>
  <testcase classname="qafactory.swaglabs.testCases.PositiveTestCases" name="TC01_Validate_Login" time="14.920"/>
</testsuite> <!-- qafactory.swaglabs.testCases.PositiveTestCases -->
