<?xml version="1.0" encoding="UTF-8"?>
<!-- Generated by org.testng.reporters.JUnitReportReporter -->
<testsuite hostname="LAPTOP-IBVEUFH3" failures="0" tests="4" name="qafactory.swaglabs.testCases.DataDriven_Login" time="10.706" errors="0" timestamp="22 Jul 2024 06:00:52 GMT">
  <testcase classname="qafactory.swaglabs.testCases.DataDriven_Login" name="loginDDT" time="6.266"/>
  <testcase classname="qafactory.swaglabs.testCases.DataDriven_Login" name="loginDDT" time="2.072"/>
  <testcase classname="qafactory.swaglabs.testCases.DataDriven_Login" name="loginDDT" time="1.430"/>
  <testcase classname="qafactory.swaglabs.testCases.DataDriven_Login" name="loginDDT" time="0.938"/>
</testsuite> <!-- qafactory.swaglabs.testCases.DataDriven_Login -->
