<?xml version="1.0" encoding="UTF-8"?>
<!-- Generated by org.testng.reporters.JUnitReportReporter -->
<testsuite hostname="LAPTOP-IBVEUFH3" failures="0" tests="1" name="qafactory.swaglabs.testCases.TC001_Login_Functionality" time="2.255" errors="0" timestamp="17 Dec 2022 04:44:21 GMT">
  <testcase classname="qafactory.swaglabs.testCases.TC001_Login_Functionality" name="ValidLogin" time="2.255"/>
</testsuite> <!-- qafactory.swaglabs.testCases.TC001_Login_Functionality -->
